[1.068s] Invoking command in '/home/rosdev/ros2_ws/src/src/yudha_pkg': PYTHONPATH=/home/rosdev/ros2_ws/src/build/yudha_pkg/prefix_override:/usr/lib/python3/dist-packages/colcon_core/task/python/colcon_distutils_commands:/home/rosdev/ros2_ws/src/install/yudha_pkg/lib/python3.10/site-packages:${PYTHONPATH} /usr/bin/python3 -W ignore:setup.py install is deprecated -W ignore:easy_install command is deprecated setup.py egg_info --egg-base ../../build/yudha_pkg build --build-base /home/rosdev/ros2_ws/src/build/yudha_pkg/build install --record /home/rosdev/ros2_ws/src/build/yudha_pkg/install.log --single-version-externally-managed install_data
[1.467s] running egg_info
[1.469s] writing ../../build/yudha_pkg/yudha_pkg.egg-info/PKG-INFO
[1.469s] writing dependency_links to ../../build/yudha_pkg/yudha_pkg.egg-info/dependency_links.txt
[1.470s] writing entry points to ../../build/yudha_pkg/yudha_pkg.egg-info/entry_points.txt
[1.470s] writing requirements to ../../build/yudha_pkg/yudha_pkg.egg-info/requires.txt
[1.471s] writing top-level names to ../../build/yudha_pkg/yudha_pkg.egg-info/top_level.txt
[1.473s] reading manifest file '../../build/yudha_pkg/yudha_pkg.egg-info/SOURCES.txt'
[1.474s] writing manifest file '../../build/yudha_pkg/yudha_pkg.egg-info/SOURCES.txt'
[1.475s] running build
[1.475s] running build_py
[1.475s] copying yudha_pkg/publisher.py -> /home/rosdev/ros2_ws/src/build/yudha_pkg/build/lib/yudha_pkg
[1.477s] running install
[1.478s] running install_lib
[1.480s] copying /home/rosdev/ros2_ws/src/build/yudha_pkg/build/lib/yudha_pkg/publisher.py -> /home/rosdev/ros2_ws/src/install/yudha_pkg/lib/python3.10/site-packages/yudha_pkg
[1.481s] byte-compiling /home/rosdev/ros2_ws/src/install/yudha_pkg/lib/python3.10/site-packages/yudha_pkg/publisher.py to publisher.cpython-310.pyc
[1.483s] running install_data
[1.484s] running install_egg_info
[1.487s] removing '/home/rosdev/ros2_ws/src/install/yudha_pkg/lib/python3.10/site-packages/yudha_pkg-0.0.0-py3.10.egg-info' (and everything under it)
[1.488s] Copying ../../build/yudha_pkg/yudha_pkg.egg-info to /home/rosdev/ros2_ws/src/install/yudha_pkg/lib/python3.10/site-packages/yudha_pkg-0.0.0-py3.10.egg-info
[1.489s] running install_scripts
[1.532s] Installing publisher_yudha script to /home/rosdev/ros2_ws/src/install/yudha_pkg/lib/yudha_pkg
[1.532s] Installing subscriber_yudha script to /home/rosdev/ros2_ws/src/install/yudha_pkg/lib/yudha_pkg
[1.533s] writing list of installed files to '/home/rosdev/ros2_ws/src/build/yudha_pkg/install.log'
[1.582s] Invoked command in '/home/rosdev/ros2_ws/src/src/yudha_pkg' returned '0': PYTHONPATH=/home/rosdev/ros2_ws/src/build/yudha_pkg/prefix_override:/usr/lib/python3/dist-packages/colcon_core/task/python/colcon_distutils_commands:/home/rosdev/ros2_ws/src/install/yudha_pkg/lib/python3.10/site-packages:${PYTHONPATH} /usr/bin/python3 -W ignore:setup.py install is deprecated -W ignore:easy_install command is deprecated setup.py egg_info --egg-base ../../build/yudha_pkg build --build-base /home/rosdev/ros2_ws/src/build/yudha_pkg/build install --record /home/rosdev/ros2_ws/src/build/yudha_pkg/install.log --single-version-externally-managed install_data
