[1.073s] Invoking command in '/home/rosdev/ros2_ws/src/src/yudha_pkg': PYTHONPATH=/home/rosdev/ros2_ws/src/build/yudha_pkg/prefix_override:/usr/lib/python3/dist-packages/colcon_core/task/python/colcon_distutils_commands:/home/rosdev/ros2_ws/src/install/yudha_pkg/lib/python3.10/site-packages:${PYTHONPATH} /usr/bin/python3 -W ignore:setup.py install is deprecated -W ignore:easy_install command is deprecated setup.py egg_info --egg-base ../../build/yudha_pkg build --build-base /home/rosdev/ros2_ws/src/build/yudha_pkg/build install --record /home/rosdev/ros2_ws/src/build/yudha_pkg/install.log --single-version-externally-managed install_data
[1.479s] running egg_info
[1.481s] writing ../../build/yudha_pkg/yudha_pkg.egg-info/PKG-INFO
[1.481s] writing dependency_links to ../../build/yudha_pkg/yudha_pkg.egg-info/dependency_links.txt
[1.482s] writing entry points to ../../build/yudha_pkg/yudha_pkg.egg-info/entry_points.txt
[1.482s] writing requirements to ../../build/yudha_pkg/yudha_pkg.egg-info/requires.txt
[1.482s] writing top-level names to ../../build/yudha_pkg/yudha_pkg.egg-info/top_level.txt
[1.486s] reading manifest file '../../build/yudha_pkg/yudha_pkg.egg-info/SOURCES.txt'
[1.488s] writing manifest file '../../build/yudha_pkg/yudha_pkg.egg-info/SOURCES.txt'
[1.488s] running build
[1.488s] running build_py
[1.489s] copying yudha_pkg/publisher.py -> /home/rosdev/ros2_ws/src/build/yudha_pkg/build/lib/yudha_pkg
[1.490s] copying yudha_pkg/subscriber.py -> /home/rosdev/ros2_ws/src/build/yudha_pkg/build/lib/yudha_pkg
[1.490s] running install
[1.490s] running install_lib
[1.493s] copying /home/rosdev/ros2_ws/src/build/yudha_pkg/build/lib/yudha_pkg/publisher.py -> /home/rosdev/ros2_ws/src/install/yudha_pkg/lib/python3.10/site-packages/yudha_pkg
[1.493s] copying /home/rosdev/ros2_ws/src/build/yudha_pkg/build/lib/yudha_pkg/subscriber.py -> /home/rosdev/ros2_ws/src/install/yudha_pkg/lib/python3.10/site-packages/yudha_pkg
[1.494s] byte-compiling /home/rosdev/ros2_ws/src/install/yudha_pkg/lib/python3.10/site-packages/yudha_pkg/publisher.py to publisher.cpython-310.pyc
[1.497s] byte-compiling /home/rosdev/ros2_ws/src/install/yudha_pkg/lib/python3.10/site-packages/yudha_pkg/subscriber.py to subscriber.cpython-310.pyc
[1.498s] running install_data
[1.499s] running install_egg_info
[1.504s] removing '/home/rosdev/ros2_ws/src/install/yudha_pkg/lib/python3.10/site-packages/yudha_pkg-0.0.0-py3.10.egg-info' (and everything under it)
[1.505s] Copying ../../build/yudha_pkg/yudha_pkg.egg-info to /home/rosdev/ros2_ws/src/install/yudha_pkg/lib/python3.10/site-packages/yudha_pkg-0.0.0-py3.10.egg-info
[1.506s] running install_scripts
[1.553s] Installing publisher_yudha script to /home/rosdev/ros2_ws/src/install/yudha_pkg/lib/yudha_pkg
[1.553s] Installing subscriber_yudha script to /home/rosdev/ros2_ws/src/install/yudha_pkg/lib/yudha_pkg
[1.554s] writing list of installed files to '/home/rosdev/ros2_ws/src/build/yudha_pkg/install.log'
[1.601s] Invoked command in '/home/rosdev/ros2_ws/src/src/yudha_pkg' returned '0': PYTHONPATH=/home/rosdev/ros2_ws/src/build/yudha_pkg/prefix_override:/usr/lib/python3/dist-packages/colcon_core/task/python/colcon_distutils_commands:/home/rosdev/ros2_ws/src/install/yudha_pkg/lib/python3.10/site-packages:${PYTHONPATH} /usr/bin/python3 -W ignore:setup.py install is deprecated -W ignore:easy_install command is deprecated setup.py egg_info --egg-base ../../build/yudha_pkg build --build-base /home/rosdev/ros2_ws/src/build/yudha_pkg/build install --record /home/rosdev/ros2_ws/src/build/yudha_pkg/install.log --single-version-externally-managed install_data
