[0.224s] DEBUG:colcon:Command line arguments: ['/usr/bin/colcon', 'build']
[0.224s] DEBUG:colcon:Parsed command line arguments: Namespace(log_base=None, log_level=None, verb_name='build', build_base='build', install_base='install', merge_install=False, symlink_install=False, test_result_base=None, continue_on_error=False, executor='parallel', parallel_workers=8, event_handlers=None, ignore_user_meta=False, metas=['./colcon.meta'], base_paths=['.'], packages_ignore=None, packages_ignore_regex=None, paths=None, packages_up_to=None, packages_up_to_regex=None, packages_above=None, packages_above_and_dependencies=None, packages_above_depth=None, packages_select_by_dep=None, packages_skip_by_dep=None, packages_skip_up_to=None, packages_select_build_failed=False, packages_skip_build_finished=False, packages_select_test_failures=False, packages_skip_test_passed=False, packages_select=None, packages_skip=None, packages_select_regex=None, packages_skip_regex=None, packages_start=None, packages_end=None, cmake_args=None, cmake_target=None, cmake_target_skip_unavailable=False, cmake_clean_cache=False, cmake_clean_first=False, cmake_force_configure=False, ament_cmake_args=None, catkin_cmake_args=None, catkin_skip_building_tests=False, mixin_files=None, mixin=None, verb_parser=<colcon_mixin.mixin.mixin_argument.MixinArgumentDecorator object at 0x7f93327d5f30>, verb_extension=<colcon_core.verb.build.BuildVerb object at 0x7f93328dadd0>, main=<bound method BuildVerb.main of <colcon_core.verb.build.BuildVerb object at 0x7f93328dadd0>>, mixin_verb=('build',))
[0.450s] Level 1:colcon.colcon_core.package_discovery:discover_packages(colcon_meta) check parameters
[0.450s] Level 1:colcon.colcon_core.package_discovery:discover_packages(recursive) check parameters
[0.450s] Level 1:colcon.colcon_core.package_discovery:discover_packages(ignore) check parameters
[0.450s] Level 1:colcon.colcon_core.package_discovery:discover_packages(path) check parameters
[0.450s] Level 1:colcon.colcon_core.package_discovery:discover_packages(colcon_meta) discover
[0.451s] Level 1:colcon.colcon_core.package_discovery:discover_packages(recursive) discover
[0.451s] INFO:colcon.colcon_core.package_discovery:Crawling recursively for packages in '/home/rosdev/ros2_ws/src'
[0.451s] Level 1:colcon.colcon_core.package_identification:_identify(.) by extensions ['ignore', 'ignore_ament_install']
[0.451s] Level 1:colcon.colcon_core.package_identification:_identify(.) by extension 'ignore'
[0.452s] Level 1:colcon.colcon_core.package_identification:_identify(.) by extension 'ignore_ament_install'
[0.452s] Level 1:colcon.colcon_core.package_identification:_identify(.) by extensions ['colcon_pkg']
[0.452s] Level 1:colcon.colcon_core.package_identification:_identify(.) by extension 'colcon_pkg'
[0.452s] Level 1:colcon.colcon_core.package_identification:_identify(.) by extensions ['colcon_meta']
[0.452s] Level 1:colcon.colcon_core.package_identification:_identify(.) by extension 'colcon_meta'
[0.452s] Level 1:colcon.colcon_core.package_identification:_identify(.) by extensions ['ros']
[0.452s] Level 1:colcon.colcon_core.package_identification:_identify(.) by extension 'ros'
[0.475s] Level 1:colcon.colcon_core.package_identification:_identify(.) by extensions ['cmake', 'python']
[0.475s] Level 1:colcon.colcon_core.package_identification:_identify(.) by extension 'cmake'
[0.475s] Level 1:colcon.colcon_core.package_identification:_identify(.) by extension 'python'
[0.475s] Level 1:colcon.colcon_core.package_identification:_identify(.) by extensions ['python_setup_py']
[0.475s] Level 1:colcon.colcon_core.package_identification:_identify(.) by extension 'python_setup_py'
[0.476s] Level 1:colcon.colcon_core.package_identification:_identify(build) by extensions ['ignore', 'ignore_ament_install']
[0.476s] Level 1:colcon.colcon_core.package_identification:_identify(build) by extension 'ignore'
[0.476s] Level 1:colcon.colcon_core.package_identification:_identify(build) ignored
[0.476s] Level 1:colcon.colcon_core.package_identification:_identify(install) by extensions ['ignore', 'ignore_ament_install']
[0.476s] Level 1:colcon.colcon_core.package_identification:_identify(install) by extension 'ignore'
[0.477s] Level 1:colcon.colcon_core.package_identification:_identify(install) ignored
[0.477s] Level 1:colcon.colcon_core.package_identification:_identify(log) by extensions ['ignore', 'ignore_ament_install']
[0.477s] Level 1:colcon.colcon_core.package_identification:_identify(log) by extension 'ignore'
[0.477s] Level 1:colcon.colcon_core.package_identification:_identify(log) ignored
[0.477s] Level 1:colcon.colcon_core.package_identification:_identify(src) by extensions ['ignore', 'ignore_ament_install']
[0.477s] Level 1:colcon.colcon_core.package_identification:_identify(src) by extension 'ignore'
[0.477s] Level 1:colcon.colcon_core.package_identification:_identify(src) by extension 'ignore_ament_install'
[0.477s] Level 1:colcon.colcon_core.package_identification:_identify(src) by extensions ['colcon_pkg']
[0.477s] Level 1:colcon.colcon_core.package_identification:_identify(src) by extension 'colcon_pkg'
[0.478s] Level 1:colcon.colcon_core.package_identification:_identify(src) by extensions ['colcon_meta']
[0.478s] Level 1:colcon.colcon_core.package_identification:_identify(src) by extension 'colcon_meta'
[0.478s] Level 1:colcon.colcon_core.package_identification:_identify(src) by extensions ['ros']
[0.478s] Level 1:colcon.colcon_core.package_identification:_identify(src) by extension 'ros'
[0.478s] Level 1:colcon.colcon_core.package_identification:_identify(src) by extensions ['cmake', 'python']
[0.478s] Level 1:colcon.colcon_core.package_identification:_identify(src) by extension 'cmake'
[0.478s] Level 1:colcon.colcon_core.package_identification:_identify(src) by extension 'python'
[0.478s] Level 1:colcon.colcon_core.package_identification:_identify(src) by extensions ['python_setup_py']
[0.478s] Level 1:colcon.colcon_core.package_identification:_identify(src) by extension 'python_setup_py'
[0.478s] Level 1:colcon.colcon_core.package_identification:_identify(src/yudha_pkg) by extensions ['ignore', 'ignore_ament_install']
[0.478s] Level 1:colcon.colcon_core.package_identification:_identify(src/yudha_pkg) by extension 'ignore'
[0.478s] Level 1:colcon.colcon_core.package_identification:_identify(src/yudha_pkg) by extension 'ignore_ament_install'
[0.479s] Level 1:colcon.colcon_core.package_identification:_identify(src/yudha_pkg) by extensions ['colcon_pkg']
[0.479s] Level 1:colcon.colcon_core.package_identification:_identify(src/yudha_pkg) by extension 'colcon_pkg'
[0.479s] Level 1:colcon.colcon_core.package_identification:_identify(src/yudha_pkg) by extensions ['colcon_meta']
[0.479s] Level 1:colcon.colcon_core.package_identification:_identify(src/yudha_pkg) by extension 'colcon_meta'
[0.479s] Level 1:colcon.colcon_core.package_identification:_identify(src/yudha_pkg) by extensions ['ros']
[0.479s] Level 1:colcon.colcon_core.package_identification:_identify(src/yudha_pkg) by extension 'ros'
[0.484s] DEBUG:colcon.colcon_core.package_identification:Package 'src/yudha_pkg' with type 'ros.ament_python' and name 'yudha_pkg'
[0.484s] Level 1:colcon.colcon_core.package_discovery:discover_packages(recursive) using defaults
[0.484s] Level 1:colcon.colcon_core.package_discovery:discover_packages(ignore) discover
[0.484s] Level 1:colcon.colcon_core.package_discovery:discover_packages(ignore) using defaults
[0.484s] Level 1:colcon.colcon_core.package_discovery:discover_packages(path) discover
[0.484s] Level 1:colcon.colcon_core.package_discovery:discover_packages(path) using defaults
[0.526s] Level 5:colcon.colcon_core.verb:set package 'yudha_pkg' build argument 'cmake_args' from command line to 'None'
[0.526s] Level 5:colcon.colcon_core.verb:set package 'yudha_pkg' build argument 'cmake_target' from command line to 'None'
[0.526s] Level 5:colcon.colcon_core.verb:set package 'yudha_pkg' build argument 'cmake_target_skip_unavailable' from command line to 'False'
[0.527s] Level 5:colcon.colcon_core.verb:set package 'yudha_pkg' build argument 'cmake_clean_cache' from command line to 'False'
[0.527s] Level 5:colcon.colcon_core.verb:set package 'yudha_pkg' build argument 'cmake_clean_first' from command line to 'False'
[0.527s] Level 5:colcon.colcon_core.verb:set package 'yudha_pkg' build argument 'cmake_force_configure' from command line to 'False'
[0.527s] Level 5:colcon.colcon_core.verb:set package 'yudha_pkg' build argument 'ament_cmake_args' from command line to 'None'
[0.527s] Level 5:colcon.colcon_core.verb:set package 'yudha_pkg' build argument 'catkin_cmake_args' from command line to 'None'
[0.527s] Level 5:colcon.colcon_core.verb:set package 'yudha_pkg' build argument 'catkin_skip_building_tests' from command line to 'False'
[0.527s] DEBUG:colcon.colcon_core.verb:Building package 'yudha_pkg' with the following arguments: {'ament_cmake_args': None, 'build_base': '/home/rosdev/ros2_ws/src/build/yudha_pkg', 'catkin_cmake_args': None, 'catkin_skip_building_tests': False, 'cmake_args': None, 'cmake_clean_cache': False, 'cmake_clean_first': False, 'cmake_force_configure': False, 'cmake_target': None, 'cmake_target_skip_unavailable': False, 'install_base': '/home/rosdev/ros2_ws/src/install/yudha_pkg', 'merge_install': False, 'path': '/home/rosdev/ros2_ws/src/src/yudha_pkg', 'symlink_install': False, 'test_result_base': None}
[0.527s] INFO:colcon.colcon_core.executor:Executing jobs using 'parallel' executor
[0.529s] DEBUG:colcon.colcon_parallel_executor.executor.parallel:run_until_complete
[0.530s] INFO:colcon.colcon_ros.task.ament_python.build:Building ROS package in '/home/rosdev/ros2_ws/src/src/yudha_pkg' with build type 'ament_python'
[0.530s] Level 1:colcon.colcon_core.shell:create_environment_hook('yudha_pkg', 'ament_prefix_path')
[0.535s] INFO:colcon.colcon_core.plugin_system:Skipping extension 'colcon_core.shell.bat': Not used on non-Windows systems
[0.536s] INFO:colcon.colcon_core.shell:Creating environment hook '/home/rosdev/ros2_ws/src/install/yudha_pkg/share/yudha_pkg/hook/ament_prefix_path.ps1'
[0.537s] INFO:colcon.colcon_core.shell:Creating environment descriptor '/home/rosdev/ros2_ws/src/install/yudha_pkg/share/yudha_pkg/hook/ament_prefix_path.dsv'
[0.538s] INFO:colcon.colcon_core.shell:Creating environment hook '/home/rosdev/ros2_ws/src/install/yudha_pkg/share/yudha_pkg/hook/ament_prefix_path.sh'
[0.540s] INFO:colcon.colcon_core.shell:Skip shell extension 'powershell' for command environment: Not usable outside of PowerShell
[0.541s] DEBUG:colcon.colcon_core.shell:Skip shell extension 'dsv' for command environment
[0.975s] INFO:colcon.colcon_core.task.python.build:Building Python package in '/home/rosdev/ros2_ws/src/src/yudha_pkg'
[0.975s] INFO:colcon.colcon_core.shell:Skip shell extension 'powershell' for command environment: Not usable outside of PowerShell
[0.975s] DEBUG:colcon.colcon_core.shell:Skip shell extension 'dsv' for command environment
[1.605s] DEBUG:colcon.colcon_core.event_handler.log_command:Invoking command in '/home/rosdev/ros2_ws/src/src/yudha_pkg': PYTHONPATH=/home/rosdev/ros2_ws/src/build/yudha_pkg/prefix_override:/usr/lib/python3/dist-packages/colcon_core/task/python/colcon_distutils_commands:/home/rosdev/ros2_ws/src/install/yudha_pkg/lib/python3.10/site-packages:${PYTHONPATH} /usr/bin/python3 -W ignore:setup.py install is deprecated -W ignore:easy_install command is deprecated setup.py egg_info --egg-base ../../build/yudha_pkg build --build-base /home/rosdev/ros2_ws/src/build/yudha_pkg/build install --record /home/rosdev/ros2_ws/src/build/yudha_pkg/install.log --single-version-externally-managed install_data
[2.133s] DEBUG:colcon.colcon_core.event_handler.log_command:Invoked command in '/home/rosdev/ros2_ws/src/src/yudha_pkg' returned '0': PYTHONPATH=/home/rosdev/ros2_ws/src/build/yudha_pkg/prefix_override:/usr/lib/python3/dist-packages/colcon_core/task/python/colcon_distutils_commands:/home/rosdev/ros2_ws/src/install/yudha_pkg/lib/python3.10/site-packages:${PYTHONPATH} /usr/bin/python3 -W ignore:setup.py install is deprecated -W ignore:easy_install command is deprecated setup.py egg_info --egg-base ../../build/yudha_pkg build --build-base /home/rosdev/ros2_ws/src/build/yudha_pkg/build install --record /home/rosdev/ros2_ws/src/build/yudha_pkg/install.log --single-version-externally-managed install_data
[2.139s] Level 1:colcon.colcon_core.environment:checking '/home/rosdev/ros2_ws/src/install/yudha_pkg' for CMake module files
[2.140s] Level 1:colcon.colcon_core.environment:checking '/home/rosdev/ros2_ws/src/install/yudha_pkg' for CMake config files
[2.141s] Level 1:colcon.colcon_core.environment:checking '/home/rosdev/ros2_ws/src/install/yudha_pkg/lib'
[2.141s] Level 1:colcon.colcon_core.environment:checking '/home/rosdev/ros2_ws/src/install/yudha_pkg/bin'
[2.141s] Level 1:colcon.colcon_core.environment:checking '/home/rosdev/ros2_ws/src/install/yudha_pkg/lib/pkgconfig/yudha_pkg.pc'
[2.142s] Level 1:colcon.colcon_core.environment:checking '/home/rosdev/ros2_ws/src/install/yudha_pkg/lib/python3.10/site-packages'
[2.142s] Level 1:colcon.colcon_core.shell:create_environment_hook('yudha_pkg', 'pythonpath')
[2.142s] INFO:colcon.colcon_core.shell:Creating environment hook '/home/rosdev/ros2_ws/src/install/yudha_pkg/share/yudha_pkg/hook/pythonpath.ps1'
[2.143s] INFO:colcon.colcon_core.shell:Creating environment descriptor '/home/rosdev/ros2_ws/src/install/yudha_pkg/share/yudha_pkg/hook/pythonpath.dsv'
[2.144s] INFO:colcon.colcon_core.shell:Creating environment hook '/home/rosdev/ros2_ws/src/install/yudha_pkg/share/yudha_pkg/hook/pythonpath.sh'
[2.145s] Level 1:colcon.colcon_core.environment:checking '/home/rosdev/ros2_ws/src/install/yudha_pkg/bin'
[2.146s] Level 1:colcon.colcon_core.environment:create_environment_scripts_only(yudha_pkg)
[2.146s] INFO:colcon.colcon_core.shell:Creating package script '/home/rosdev/ros2_ws/src/install/yudha_pkg/share/yudha_pkg/package.ps1'
[2.148s] INFO:colcon.colcon_core.shell:Creating package descriptor '/home/rosdev/ros2_ws/src/install/yudha_pkg/share/yudha_pkg/package.dsv'
[2.149s] INFO:colcon.colcon_core.shell:Creating package script '/home/rosdev/ros2_ws/src/install/yudha_pkg/share/yudha_pkg/package.sh'
[2.151s] INFO:colcon.colcon_core.shell:Creating package script '/home/rosdev/ros2_ws/src/install/yudha_pkg/share/yudha_pkg/package.bash'
[2.152s] INFO:colcon.colcon_core.shell:Creating package script '/home/rosdev/ros2_ws/src/install/yudha_pkg/share/yudha_pkg/package.zsh'
[2.154s] Level 1:colcon.colcon_core.environment:create_file_with_runtime_dependencies(/home/rosdev/ros2_ws/src/install/yudha_pkg/share/colcon-core/packages/yudha_pkg)
[2.155s] DEBUG:colcon.colcon_parallel_executor.executor.parallel:closing loop
[2.155s] DEBUG:colcon.colcon_parallel_executor.executor.parallel:loop closed
[2.155s] DEBUG:colcon.colcon_parallel_executor.executor.parallel:run_until_complete finished with '0'
[2.156s] DEBUG:colcon.colcon_core.event_reactor:joining thread
[2.176s] INFO:colcon.colcon_core.plugin_system:Skipping extension 'colcon_notification.desktop_notification.notify_send': Could not find 'notify-send'
[2.177s] INFO:colcon.colcon_core.plugin_system:Skipping extension 'colcon_notification.desktop_notification.terminal_notifier': Not used on non-Darwin systems
[2.177s] INFO:colcon.colcon_core.plugin_system:Skipping extension 'colcon_notification.desktop_notification.win32': Not used on non-Windows systems
[2.177s] INFO:colcon.colcon_notification.desktop_notification:Sending desktop notification using 'notify2'
[2.182s] DEBUG:colcon.colcon_notification.desktop_notification.notify2:Failed to initialize notify2: org.freedesktop.DBus.Error.Spawn.ExecFailed: /usr/bin/dbus-launch terminated abnormally without any error message
[2.183s] DEBUG:colcon.colcon_core.event_reactor:joined thread
[2.185s] INFO:colcon.colcon_core.shell:Creating prefix script '/home/rosdev/ros2_ws/src/install/local_setup.ps1'
[2.187s] INFO:colcon.colcon_core.shell:Creating prefix util module '/home/rosdev/ros2_ws/src/install/_local_setup_util_ps1.py'
[2.190s] INFO:colcon.colcon_core.shell:Creating prefix chain script '/home/rosdev/ros2_ws/src/install/setup.ps1'
[2.193s] INFO:colcon.colcon_core.shell:Creating prefix script '/home/rosdev/ros2_ws/src/install/local_setup.sh'
[2.194s] INFO:colcon.colcon_core.shell:Creating prefix util module '/home/rosdev/ros2_ws/src/install/_local_setup_util_sh.py'
[2.196s] INFO:colcon.colcon_core.shell:Creating prefix chain script '/home/rosdev/ros2_ws/src/install/setup.sh'
[2.199s] INFO:colcon.colcon_core.shell:Creating prefix script '/home/rosdev/ros2_ws/src/install/local_setup.bash'
[2.201s] INFO:colcon.colcon_core.shell:Creating prefix chain script '/home/rosdev/ros2_ws/src/install/setup.bash'
[2.203s] INFO:colcon.colcon_core.shell:Creating prefix script '/home/rosdev/ros2_ws/src/install/local_setup.zsh'
[2.204s] INFO:colcon.colcon_core.shell:Creating prefix chain script '/home/rosdev/ros2_ws/src/install/setup.zsh'
