running egg_info
creating ../../build/yudha_pkg/yudha_pkg.egg-info
writing ../../build/yudha_pkg/yudha_pkg.egg-info/PKG-INFO
writing dependency_links to ../../build/yudha_pkg/yudha_pkg.egg-info/dependency_links.txt
writing entry points to ../../build/yudha_pkg/yudha_pkg.egg-info/entry_points.txt
writing requirements to ../../build/yudha_pkg/yudha_pkg.egg-info/requires.txt
writing top-level names to ../../build/yudha_pkg/yudha_pkg.egg-info/top_level.txt
writing manifest file '../../build/yudha_pkg/yudha_pkg.egg-info/SOURCES.txt'
reading manifest file '../../build/yudha_pkg/yudha_pkg.egg-info/SOURCES.txt'
writing manifest file '../../build/yudha_pkg/yudha_pkg.egg-info/SOURCES.txt'
running build
running build_py
creating /home/rosdev/ros2_ws/src/build/yudha_pkg/build
creating /home/rosdev/ros2_ws/src/build/yudha_pkg/build/lib
creating /home/rosdev/ros2_ws/src/build/yudha_pkg/build/lib/yudha_pkg
copying yudha_pkg/__init__.py -> /home/rosdev/ros2_ws/src/build/yudha_pkg/build/lib/yudha_pkg
copying yudha_pkg/publisher.py -> /home/rosdev/ros2_ws/src/build/yudha_pkg/build/lib/yudha_pkg
copying yudha_pkg/subscriber.py -> /home/rosdev/ros2_ws/src/build/yudha_pkg/build/lib/yudha_pkg
running install
running install_lib
creating /home/rosdev/ros2_ws/src/install/yudha_pkg/lib/python3.10/site-packages/yudha_pkg
copying /home/rosdev/ros2_ws/src/build/yudha_pkg/build/lib/yudha_pkg/__init__.py -> /home/rosdev/ros2_ws/src/install/yudha_pkg/lib/python3.10/site-packages/yudha_pkg
copying /home/rosdev/ros2_ws/src/build/yudha_pkg/build/lib/yudha_pkg/publisher.py -> /home/rosdev/ros2_ws/src/install/yudha_pkg/lib/python3.10/site-packages/yudha_pkg
copying /home/rosdev/ros2_ws/src/build/yudha_pkg/build/lib/yudha_pkg/subscriber.py -> /home/rosdev/ros2_ws/src/install/yudha_pkg/lib/python3.10/site-packages/yudha_pkg
byte-compiling /home/rosdev/ros2_ws/src/install/yudha_pkg/lib/python3.10/site-packages/yudha_pkg/__init__.py to __init__.cpython-310.pyc
byte-compiling /home/rosdev/ros2_ws/src/install/yudha_pkg/lib/python3.10/site-packages/yudha_pkg/publisher.py to publisher.cpython-310.pyc
byte-compiling /home/rosdev/ros2_ws/src/install/yudha_pkg/lib/python3.10/site-packages/yudha_pkg/subscriber.py to subscriber.cpython-310.pyc
running install_data
creating /home/rosdev/ros2_ws/src/install/yudha_pkg/share
creating /home/rosdev/ros2_ws/src/install/yudha_pkg/share/ament_index
creating /home/rosdev/ros2_ws/src/install/yudha_pkg/share/ament_index/resource_index
creating /home/rosdev/ros2_ws/src/install/yudha_pkg/share/ament_index/resource_index/packages
copying resource/yudha_pkg -> /home/rosdev/ros2_ws/src/install/yudha_pkg/share/ament_index/resource_index/packages
creating /home/rosdev/ros2_ws/src/install/yudha_pkg/share/yudha_pkg
copying package.xml -> /home/rosdev/ros2_ws/src/install/yudha_pkg/share/yudha_pkg
running install_egg_info
Copying ../../build/yudha_pkg/yudha_pkg.egg-info to /home/rosdev/ros2_ws/src/install/yudha_pkg/lib/python3.10/site-packages/yudha_pkg-0.0.0-py3.10.egg-info
running install_scripts
Installing publisher_yudha script to /home/rosdev/ros2_ws/src/install/yudha_pkg/lib/yudha_pkg
Installing subscriber_yudha script to /home/rosdev/ros2_ws/src/install/yudha_pkg/lib/yudha_pkg
writing list of installed files to '/home/rosdev/ros2_ws/src/build/yudha_pkg/install.log'
