[0.000000] (-) TimerEvent: {}
[0.000268] (yudha_pkg) JobQueued: {'identifier': 'yudha_pkg', 'dependencies': OrderedDict()}
[0.001176] (yudha_pkg) JobStarted: {'identifier': 'yudha_pkg'}
[0.099300] (-) TimerEvent: {}
[0.199985] (-) TimerEvent: {}
[0.300759] (-) TimerEvent: {}
[0.401267] (-) TimerEvent: {}
[0.501969] (-) TimerEvent: {}
[0.602434] (-) TimerEvent: {}
[0.702991] (-) TimerEvent: {}
[0.803574] (-) TimerEvent: {}
[0.904121] (-) TimerEvent: {}
[1.004638] (-) TimerEvent: {}
[1.105194] (-) TimerEvent: {}
[1.154784] (yudha_pkg) Command: {'cmd': ['/usr/bin/python3', '-W', 'ignore:setup.py install is deprecated', '-W', 'ignore:easy_install command is deprecated', 'setup.py', 'egg_info', '--egg-base', '../../build/yudha_pkg', 'build', '--build-base', '/var/home/bluefin/Developments/ROBOTIK/ros2_ws/build/yudha_pkg/build', 'install', '--record', '/var/home/bluefin/Developments/ROBOTIK/ros2_ws/build/yudha_pkg/install.log', '--single-version-externally-managed', 'install_data'], 'cwd': '/var/home/bluefin/Developments/ROBOTIK/ros2_ws/src/yudha_pkg', 'env': {'GUESTFISH_OUTPUT': '\\e[0m', 'LESSOPEN': '||/usr/bin/lesspipe.sh %s', 'MAIL': '/var/spool/mail/bluefin', 'USER': 'bluefin', 'PHP_INI_SCAN_DIR': '/var/home/bluefin/.config/herd-lite/bin:/var/home/bluefin/.config/herd-lite/bin:/var/home/bluefin/.config/herd-lite/bin:', 'STARSHIP_SHELL': 'bash', 'HOSTNAME': 'bluefin', 'XDG_SESSION_TYPE': 'wayland', 'BUN_INSTALL': '/var/home/bluefin/.bun', 'PTYXIS_VERSION': '49.2', 'XDG_CACHE_HOME': '/var/home/bluefin/.cache', 'SHLVL': '3', 'LD_LIBRARY_PATH': '/opt/ros/humble/opt/rviz_ogre_vendor/lib:/opt/ros/humble/lib/x86_64-linux-gnu:/opt/ros/humble/lib', 'HOME': '/var/home/bluefin', 'GUESTFISH_INIT': '\\e[1;34m', 'OLDPWD': '/var/home/bluefin/Developments/ROBOTIK/ros2_ws/src', 'DESKTOP_SESSION': 'gnome', 'NVM_BIN': '/var/home/bluefin/.nvm/versions/node/v22.18.0/bin', 'NVM_INC': '/var/home/bluefin/.nvm/versions/node/v22.18.0/include/node', 'ROS_PYTHON_VERSION': '3', 'PS1': '📦[\\u@Ubuntu \\W]$', 'MANAGERPID': '3467', 'SUDO_ASKPASS': '/usr/libexec/openssh/gnome-ssh-askpass', 'DISTROBOX_ENTER_PATH': '/usr/bin/distrobox-enter', 'SYSTEMD_EXEC_PID': '4876', 'GOROOT': '/home/bluefin/Developments/SDK/GOROOT', 'XDG_STATE_HOME': '/var/home/bluefin/.local/state', 'DBUS_SESSION_BUS_ADDRESS': 'unix:path=/run/user/1000/bus', 'COLORTERM': 'truecolor', 'GUESTFISH_RESTORE': '\\e[0m', 'container': 'podman', 'NVM_DIR': '/var/home/bluefin/.nvm', 'DEBUGINFOD_URLS': 'ima:enforcing https://debuginfod.fedoraproject.org/ ima:ignore', 'WAYLAND_DISPLAY': 'wayland-0', 'ROS_DISTRO': 'humble', 'LOGNAME': 'bluefin', 'MANAGERPIDFDID': '3468', 'JOURNAL_STREAM': '9:51309', '_': '/usr/bin/colcon', 'ROS_VERSION': '2', 'MUTTER_DEBUG_KMS_THREAD_TYPE': 'user', 'MEMORY_PRESSURE_WATCH': '/sys/fs/cgroup/user.slice/user-1000.slice/user@1000.service/app.slice/flatpak-session-helper.service/memory.pressure', 'XDG_SESSION_CLASS': 'user', 'TERMINFO_DIRS': '/usr/share/terminfo:/run/host/usr/share/terminfo', 'USERNAME': 'bluefin', 'GNOME_SHELL_SLOWDOWN_FACTOR': '0.8', 'TERM': 'xterm-256color', 'ROS_LOCALHOST_ONLY': '0', 'HISTCONTROL': 'ignoredups', 'FLATPAK_TTY_PROGRESS': '1', 'PATH': '/home/linuxbrew/.linuxbrew/bin:/var/home/linuxbrew/.linuxbrew/lib/ruby/gems/3.4.0/bin:/var/home/linuxbrew/.linuxbrew/lib/ruby/gems/3.4.0/bin:/opt/homebrew/lib/ruby/gems/3.3.0/bin:/var/home/bluefin/.config/herd-lite/bin:/var/home/bluefin/.jdks/openjdk-24.0.2/bin:/var/home/bluefin/.bun/bin:/opt/ros/humble/bin:/home/linuxbrew/.linuxbrew/opt/php@8.4/sbin:/home/linuxbrew/.linuxbrew/opt/php@8.4/bin:/home/bluefin/Developments/SDK/GOROOT/bin:/home/bluefin/Developments/GO/bin:/home/linuxbrew/.linuxbrew/bin:/var/home/linuxbrew/.linuxbrew/lib/ruby/gems/3.4.0/bin:/var/home/linuxbrew/.linuxbrew/lib/ruby/gems/3.4.0/bin:/opt/homebrew/lib/ruby/gems/3.3.0/bin:/var/home/bluefin/.config/herd-lite/bin:/var/home/bluefin/.jdks/openjdk-24.0.2/bin:/var/home/bluefin/.bun/bin:/home/linuxbrew/.linuxbrew/opt/php@8.4/sbin:/home/linuxbrew/.linuxbrew/opt/php@8.4/bin:/home/bluefin/Developments/SDK/GOROOT/bin:/home/bluefin/Developments/GO/bin:/home/linuxbrew/.linuxbrew/bin:/var/home/linuxbrew/.linuxbrew/lib/ruby/gems/3.4.0/bin:/var/home/linuxbrew/.linuxbrew/lib/ruby/gems/3.4.0/bin:/opt/homebrew/lib/ruby/gems/3.3.0/bin:/var/home/bluefin/.config/herd-lite/bin:/var/home/bluefin/.nvm/versions/node/v22.18.0/bin:/var/home/bluefin/.jdks/openjdk-24.0.2/bin:/var/home/bluefin/.bun/bin:/var/home/bluefin/.local/bin:/var/home/bluefin/bin:/usr/lib64/ccache:/usr/local/sbin:/usr/local/bin:/usr/bin:/var/home/bluefin/.local/share/JetBrains/Toolbox/scripts:/usr/local/sbin:/usr/local/bin:/usr/sbin:/usr/bin:/sbin:/bin:/usr/sbin:/sbin:/bin:/var/home/bluefin/.local/share/JetBrains/Toolbox/scripts', 'GDM_LANG': 'en_US.UTF-8', 'INVOCATION_ID': '044ef16c947148cbaf198bd035e908e3', 'XDG_MENU_PREFIX': 'gnome-', 'PTYXIS_PROFILE': '2871e8027773ae74d6c87a5f659bbc74', 'GNOME_SETUP_DISPLAY': ':1', 'XDG_RUNTIME_DIR': '/run/user/1000', 'DISPLAY': ':0', 'HISTSIZE': '1000', 'LANG': 'en_US.UTF-8', 'XDG_CURRENT_DESKTOP': 'GNOME', 'XDG_DATA_HOME': '/var/home/bluefin/.local/share', 'XDG_CONFIG_HOME': '/var/home/bluefin/.config', 'XMODIFIERS': '@im=ibus', 'XDG_SESSION_DESKTOP': 'gnome', 'XAUTHORITY': '/run/user/1000/.mutter-Xwaylandauth.QMZZG3', 'SSH_AUTH_SOCK': '/run/user/1000/gcr/ssh', 'AMENT_PREFIX_PATH': '/opt/ros/humble', 'SHELL': '/usr/bin/bash', 'GUESTFISH_PS1': '\\[\\e[1;32m\\]><fs>\\[\\e[0;31m\\]', 'GOPATH': '/home/bluefin/Developments/GO', 'GDMSESSION': 'gnome', 'QT_IM_MODULE': 'ibus', 'DEBUGINFOD_IMA_CERT_PATH': '/etc/keys/ima:', 'JAVA_HOME': '/var/home/bluefin/.jdks/openjdk-24.0.2', 'GPG_TTY': 'not a tty', 'PWD': '/var/home/bluefin/Developments/ROBOTIK/ros2_ws/build/yudha_pkg', 'CONTAINER_ID': 'Ubuntu', 'XDG_CONFIG_DIRS': '/etc/xdg', 'NVM_CD_FLAGS': '', 'XDG_DATA_DIRS': '/var/home/bluefin/.local/share/flatpak/exports/share:/var/lib/flatpak/exports/share:/usr/local/share/:/usr/share/:/usr/local/share:/usr/share', 'STARSHIP_SESSION_KEY': '2183023484728594', 'PYTHONPATH': '/var/home/bluefin/Developments/ROBOTIK/ros2_ws/build/yudha_pkg/prefix_override:/usr/lib/python3/dist-packages/colcon_core/task/python/colcon_distutils_commands:/var/home/bluefin/Developments/ROBOTIK/ros2_ws/install/yudha_pkg/lib/python3.10/site-packages:/opt/ros/humble/lib/python3.10/site-packages:/opt/ros/humble/local/lib/python3.10/dist-packages', 'COLCON': '1', 'QT_IM_MODULES': 'wayland;ibus', 'MEMORY_PRESSURE_WRITE': 'c29tZSAyMDAwMDAgMjAwMDAwMAA=', 'VTE_VERSION': '8201', 'EDITOR': '/usr/bin/nano'}, 'shell': False}
[1.205475] (-) TimerEvent: {}
[1.306042] (-) TimerEvent: {}
[1.406607] (-) TimerEvent: {}
[1.507185] (-) TimerEvent: {}
[1.597639] (yudha_pkg) StdoutLine: {'line': b'running egg_info\n'}
[1.599244] (yudha_pkg) StdoutLine: {'line': b'creating ../../build/yudha_pkg/yudha_pkg.egg-info\n'}
[1.599751] (yudha_pkg) StdoutLine: {'line': b'writing ../../build/yudha_pkg/yudha_pkg.egg-info/PKG-INFO\n'}
[1.600217] (yudha_pkg) StdoutLine: {'line': b'writing dependency_links to ../../build/yudha_pkg/yudha_pkg.egg-info/dependency_links.txt\n'}
[1.600522] (yudha_pkg) StdoutLine: {'line': b'writing entry points to ../../build/yudha_pkg/yudha_pkg.egg-info/entry_points.txt\n'}
[1.600644] (yudha_pkg) StdoutLine: {'line': b'writing requirements to ../../build/yudha_pkg/yudha_pkg.egg-info/requires.txt\n'}
[1.600748] (yudha_pkg) StdoutLine: {'line': b'writing top-level names to ../../build/yudha_pkg/yudha_pkg.egg-info/top_level.txt\n'}
[1.600848] (yudha_pkg) StdoutLine: {'line': b"writing manifest file '../../build/yudha_pkg/yudha_pkg.egg-info/SOURCES.txt'\n"}
[1.603713] (yudha_pkg) StdoutLine: {'line': b"reading manifest file '../../build/yudha_pkg/yudha_pkg.egg-info/SOURCES.txt'\n"}
[1.605045] (yudha_pkg) StdoutLine: {'line': b"writing manifest file '../../build/yudha_pkg/yudha_pkg.egg-info/SOURCES.txt'\n"}
[1.605369] (yudha_pkg) StdoutLine: {'line': b'running build\n'}
[1.605793] (yudha_pkg) StdoutLine: {'line': b'running build_py\n'}
[1.605979] (yudha_pkg) StdoutLine: {'line': b'creating /var/home/bluefin/Developments/ROBOTIK/ros2_ws/build/yudha_pkg/build\n'}
[1.606142] (yudha_pkg) StdoutLine: {'line': b'creating /var/home/bluefin/Developments/ROBOTIK/ros2_ws/build/yudha_pkg/build/lib\n'}
[1.606759] (yudha_pkg) StdoutLine: {'line': b'creating /var/home/bluefin/Developments/ROBOTIK/ros2_ws/build/yudha_pkg/build/lib/yudha_pkg\n'}
[1.607018] (yudha_pkg) StdoutLine: {'line': b'copying yudha_pkg/__init__.py -> /var/home/bluefin/Developments/ROBOTIK/ros2_ws/build/yudha_pkg/build/lib/yudha_pkg\n'}
[1.607179] (-) TimerEvent: {}
[1.607347] (yudha_pkg) StdoutLine: {'line': b'copying yudha_pkg/package.py -> /var/home/bluefin/Developments/ROBOTIK/ros2_ws/build/yudha_pkg/build/lib/yudha_pkg\n'}
[1.607484] (yudha_pkg) StdoutLine: {'line': b'running install\n'}
[1.607589] (yudha_pkg) StdoutLine: {'line': b'running install_lib\n'}
[1.607957] (yudha_pkg) StdoutLine: {'line': b'creating /var/home/bluefin/Developments/ROBOTIK/ros2_ws/install/yudha_pkg/lib/python3.10/site-packages/yudha_pkg\n'}
[1.608284] (yudha_pkg) StdoutLine: {'line': b'copying /var/home/bluefin/Developments/ROBOTIK/ros2_ws/build/yudha_pkg/build/lib/yudha_pkg/__init__.py -> /var/home/bluefin/Developments/ROBOTIK/ros2_ws/install/yudha_pkg/lib/python3.10/site-packages/yudha_pkg\n'}
[1.608556] (yudha_pkg) StdoutLine: {'line': b'copying /var/home/bluefin/Developments/ROBOTIK/ros2_ws/build/yudha_pkg/build/lib/yudha_pkg/package.py -> /var/home/bluefin/Developments/ROBOTIK/ros2_ws/install/yudha_pkg/lib/python3.10/site-packages/yudha_pkg\n'}
[1.609307] (yudha_pkg) StdoutLine: {'line': b'byte-compiling /var/home/bluefin/Developments/ROBOTIK/ros2_ws/install/yudha_pkg/lib/python3.10/site-packages/yudha_pkg/__init__.py to __init__.cpython-310.pyc\n'}
[1.609807] (yudha_pkg) StdoutLine: {'line': b'byte-compiling /var/home/bluefin/Developments/ROBOTIK/ros2_ws/install/yudha_pkg/lib/python3.10/site-packages/yudha_pkg/package.py to package.cpython-310.pyc\n'}
[1.610305] (yudha_pkg) StdoutLine: {'line': b'running install_data\n'}
[1.610925] (yudha_pkg) StdoutLine: {'line': b'creating /var/home/bluefin/Developments/ROBOTIK/ros2_ws/install/yudha_pkg/share/ament_index\n'}
[1.611315] (yudha_pkg) StdoutLine: {'line': b'creating /var/home/bluefin/Developments/ROBOTIK/ros2_ws/install/yudha_pkg/share/ament_index/resource_index\n'}
[1.611600] (yudha_pkg) StdoutLine: {'line': b'creating /var/home/bluefin/Developments/ROBOTIK/ros2_ws/install/yudha_pkg/share/ament_index/resource_index/packages\n'}
[1.611862] (yudha_pkg) StdoutLine: {'line': b'copying resource/yudha_pkg -> /var/home/bluefin/Developments/ROBOTIK/ros2_ws/install/yudha_pkg/share/ament_index/resource_index/packages\n'}
[1.612178] (yudha_pkg) StdoutLine: {'line': b'copying package.xml -> /var/home/bluefin/Developments/ROBOTIK/ros2_ws/install/yudha_pkg/share/yudha_pkg\n'}
[1.612448] (yudha_pkg) StdoutLine: {'line': b'running install_egg_info\n'}
[1.614525] (yudha_pkg) StdoutLine: {'line': b'Copying ../../build/yudha_pkg/yudha_pkg.egg-info to /var/home/bluefin/Developments/ROBOTIK/ros2_ws/install/yudha_pkg/lib/python3.10/site-packages/yudha_pkg-0.0.0-py3.10.egg-info\n'}
[1.616093] (yudha_pkg) StdoutLine: {'line': b'running install_scripts\n'}
[1.659041] (yudha_pkg) StdoutLine: {'line': b'Installing publisher_yudha script to /var/home/bluefin/Developments/ROBOTIK/ros2_ws/install/yudha_pkg/lib/yudha_pkg\n'}
[1.659637] (yudha_pkg) StdoutLine: {'line': b"writing list of installed files to '/var/home/bluefin/Developments/ROBOTIK/ros2_ws/build/yudha_pkg/install.log'\n"}
[1.706461] (yudha_pkg) CommandEnded: {'returncode': 0}
[1.707912] (-) TimerEvent: {}
[1.741029] (yudha_pkg) JobEnded: {'identifier': 'yudha_pkg', 'rc': 0}
[1.742876] (-) EventReactorShutdown: {}
