[0.401s] DEBUG:colcon:Command line arguments: ['/usr/bin/colcon', 'build']
[0.401s] DEBUG:colcon:Parsed command line arguments: Namespace(log_base=None, log_level=None, verb_name='build', build_base='build', install_base='install', merge_install=False, symlink_install=False, test_result_base=None, continue_on_error=False, executor='parallel', parallel_workers=8, event_handlers=None, ignore_user_meta=False, metas=['./colcon.meta'], base_paths=['.'], packages_ignore=None, packages_ignore_regex=None, paths=None, packages_up_to=None, packages_up_to_regex=None, packages_above=None, packages_above_and_dependencies=None, packages_above_depth=None, packages_select_by_dep=None, packages_skip_by_dep=None, packages_skip_up_to=None, packages_select_build_failed=False, packages_skip_build_finished=False, packages_select_test_failures=False, packages_skip_test_passed=False, packages_select=None, packages_skip=None, packages_select_regex=None, packages_skip_regex=None, packages_start=None, packages_end=None, allow_overriding=[], cmake_args=None, cmake_target=None, cmake_target_skip_unavailable=False, cmake_clean_cache=False, cmake_clean_first=False, cmake_force_configure=False, ament_cmake_args=None, catkin_cmake_args=None, catkin_skip_building_tests=False, mixin_files=None, mixin=None, verb_parser=<colcon_mixin.mixin.mixin_argument.MixinArgumentDecorator object at 0x7f3c2eacd030>, verb_extension=<colcon_core.verb.build.BuildVerb object at 0x7f3c2ec45ea0>, main=<bound method BuildVerb.main of <colcon_core.verb.build.BuildVerb object at 0x7f3c2ec45ea0>>, mixin_verb=('build',))
[0.827s] Level 1:colcon.colcon_core.package_discovery:discover_packages(colcon_meta) check parameters
[0.827s] Level 1:colcon.colcon_core.package_discovery:discover_packages(recursive) check parameters
[0.827s] Level 1:colcon.colcon_core.package_discovery:discover_packages(ignore) check parameters
[0.827s] Level 1:colcon.colcon_core.package_discovery:discover_packages(path) check parameters
[0.828s] Level 1:colcon.colcon_core.package_discovery:discover_packages(colcon_meta) discover
[0.828s] Level 1:colcon.colcon_core.package_discovery:discover_packages(recursive) discover
[0.828s] INFO:colcon.colcon_core.package_discovery:Crawling recursively for packages in '/var/home/bluefin/Developments/ROBOTIK/ros2_ws'
[0.828s] Level 1:colcon.colcon_core.package_identification:_identify(.) by extensions ['ignore', 'ignore_ament_install']
[0.828s] Level 1:colcon.colcon_core.package_identification:_identify(.) by extension 'ignore'
[0.829s] Level 1:colcon.colcon_core.package_identification:_identify(.) by extension 'ignore_ament_install'
[0.829s] Level 1:colcon.colcon_core.package_identification:_identify(.) by extensions ['colcon_pkg']
[0.829s] Level 1:colcon.colcon_core.package_identification:_identify(.) by extension 'colcon_pkg'
[0.829s] Level 1:colcon.colcon_core.package_identification:_identify(.) by extensions ['colcon_meta']
[0.829s] Level 1:colcon.colcon_core.package_identification:_identify(.) by extension 'colcon_meta'
[0.829s] Level 1:colcon.colcon_core.package_identification:_identify(.) by extensions ['ros']
[0.829s] Level 1:colcon.colcon_core.package_identification:_identify(.) by extension 'ros'
[0.862s] Level 1:colcon.colcon_core.package_identification:_identify(.) by extensions ['cmake', 'python']
[0.862s] Level 1:colcon.colcon_core.package_identification:_identify(.) by extension 'cmake'
[0.862s] Level 1:colcon.colcon_core.package_identification:_identify(.) by extension 'python'
[0.862s] Level 1:colcon.colcon_core.package_identification:_identify(.) by extensions ['python_setup_py']
[0.862s] Level 1:colcon.colcon_core.package_identification:_identify(.) by extension 'python_setup_py'
[0.863s] Level 1:colcon.colcon_core.package_identification:_identify(build) by extensions ['ignore', 'ignore_ament_install']
[0.863s] Level 1:colcon.colcon_core.package_identification:_identify(build) by extension 'ignore'
[0.863s] Level 1:colcon.colcon_core.package_identification:_identify(build) ignored
[0.863s] Level 1:colcon.colcon_core.package_identification:_identify(install) by extensions ['ignore', 'ignore_ament_install']
[0.863s] Level 1:colcon.colcon_core.package_identification:_identify(install) by extension 'ignore'
[0.864s] Level 1:colcon.colcon_core.package_identification:_identify(install) ignored
[0.864s] Level 1:colcon.colcon_core.package_identification:_identify(log) by extensions ['ignore', 'ignore_ament_install']
[0.864s] Level 1:colcon.colcon_core.package_identification:_identify(log) by extension 'ignore'
[0.864s] Level 1:colcon.colcon_core.package_identification:_identify(log) ignored
[0.864s] Level 1:colcon.colcon_core.package_identification:_identify(src) by extensions ['ignore', 'ignore_ament_install']
[0.864s] Level 1:colcon.colcon_core.package_identification:_identify(src) by extension 'ignore'
[0.864s] Level 1:colcon.colcon_core.package_identification:_identify(src) by extension 'ignore_ament_install'
[0.864s] Level 1:colcon.colcon_core.package_identification:_identify(src) by extensions ['colcon_pkg']
[0.865s] Level 1:colcon.colcon_core.package_identification:_identify(src) by extension 'colcon_pkg'
[0.865s] Level 1:colcon.colcon_core.package_identification:_identify(src) by extensions ['colcon_meta']
[0.865s] Level 1:colcon.colcon_core.package_identification:_identify(src) by extension 'colcon_meta'
[0.865s] Level 1:colcon.colcon_core.package_identification:_identify(src) by extensions ['ros']
[0.865s] Level 1:colcon.colcon_core.package_identification:_identify(src) by extension 'ros'
[0.865s] Level 1:colcon.colcon_core.package_identification:_identify(src) by extensions ['cmake', 'python']
[0.865s] Level 1:colcon.colcon_core.package_identification:_identify(src) by extension 'cmake'
[0.865s] Level 1:colcon.colcon_core.package_identification:_identify(src) by extension 'python'
[0.865s] Level 1:colcon.colcon_core.package_identification:_identify(src) by extensions ['python_setup_py']
[0.865s] Level 1:colcon.colcon_core.package_identification:_identify(src) by extension 'python_setup_py'
[0.865s] Level 1:colcon.colcon_core.package_identification:_identify(src/yudha_pkg) by extensions ['ignore', 'ignore_ament_install']
[0.865s] Level 1:colcon.colcon_core.package_identification:_identify(src/yudha_pkg) by extension 'ignore'
[0.866s] Level 1:colcon.colcon_core.package_identification:_identify(src/yudha_pkg) by extension 'ignore_ament_install'
[0.866s] Level 1:colcon.colcon_core.package_identification:_identify(src/yudha_pkg) by extensions ['colcon_pkg']
[0.866s] Level 1:colcon.colcon_core.package_identification:_identify(src/yudha_pkg) by extension 'colcon_pkg'
[0.866s] Level 1:colcon.colcon_core.package_identification:_identify(src/yudha_pkg) by extensions ['colcon_meta']
[0.866s] Level 1:colcon.colcon_core.package_identification:_identify(src/yudha_pkg) by extension 'colcon_meta'
[0.866s] Level 1:colcon.colcon_core.package_identification:_identify(src/yudha_pkg) by extensions ['ros']
[0.866s] Level 1:colcon.colcon_core.package_identification:_identify(src/yudha_pkg) by extension 'ros'
[0.872s] DEBUG:colcon.colcon_core.package_identification:Package 'src/yudha_pkg' with type 'ros.ament_python' and name 'yudha_pkg'
[0.872s] Level 1:colcon.colcon_core.package_discovery:discover_packages(recursive) using defaults
[0.872s] Level 1:colcon.colcon_core.package_discovery:discover_packages(ignore) discover
[0.872s] Level 1:colcon.colcon_core.package_discovery:discover_packages(ignore) using defaults
[0.873s] Level 1:colcon.colcon_core.package_discovery:discover_packages(path) discover
[0.873s] Level 1:colcon.colcon_core.package_discovery:discover_packages(path) using defaults
[0.930s] Level 1:colcon.colcon_core.package_discovery:discover_packages(prefix_path) check parameters
[0.930s] Level 1:colcon.colcon_core.package_discovery:discover_packages(prefix_path) discover
[0.936s] DEBUG:colcon.colcon_installed_package_information.package_discovery:Found 271 installed packages in /opt/ros/humble
[0.958s] Level 1:colcon.colcon_core.package_discovery:discover_packages(prefix_path) using defaults
[1.066s] Level 5:colcon.colcon_core.verb:set package 'yudha_pkg' build argument 'cmake_args' from command line to 'None'
[1.066s] Level 5:colcon.colcon_core.verb:set package 'yudha_pkg' build argument 'cmake_target' from command line to 'None'
[1.066s] Level 5:colcon.colcon_core.verb:set package 'yudha_pkg' build argument 'cmake_target_skip_unavailable' from command line to 'False'
[1.066s] Level 5:colcon.colcon_core.verb:set package 'yudha_pkg' build argument 'cmake_clean_cache' from command line to 'False'
[1.067s] Level 5:colcon.colcon_core.verb:set package 'yudha_pkg' build argument 'cmake_clean_first' from command line to 'False'
[1.067s] Level 5:colcon.colcon_core.verb:set package 'yudha_pkg' build argument 'cmake_force_configure' from command line to 'False'
[1.067s] Level 5:colcon.colcon_core.verb:set package 'yudha_pkg' build argument 'ament_cmake_args' from command line to 'None'
[1.067s] Level 5:colcon.colcon_core.verb:set package 'yudha_pkg' build argument 'catkin_cmake_args' from command line to 'None'
[1.067s] Level 5:colcon.colcon_core.verb:set package 'yudha_pkg' build argument 'catkin_skip_building_tests' from command line to 'False'
[1.067s] DEBUG:colcon.colcon_core.verb:Building package 'yudha_pkg' with the following arguments: {'ament_cmake_args': None, 'build_base': '/var/home/bluefin/Developments/ROBOTIK/ros2_ws/build/yudha_pkg', 'catkin_cmake_args': None, 'catkin_skip_building_tests': False, 'cmake_args': None, 'cmake_clean_cache': False, 'cmake_clean_first': False, 'cmake_force_configure': False, 'cmake_target': None, 'cmake_target_skip_unavailable': False, 'install_base': '/var/home/bluefin/Developments/ROBOTIK/ros2_ws/install/yudha_pkg', 'merge_install': False, 'path': '/var/home/bluefin/Developments/ROBOTIK/ros2_ws/src/yudha_pkg', 'symlink_install': False, 'test_result_base': None}
[1.067s] INFO:colcon.colcon_core.executor:Executing jobs using 'parallel' executor
[1.070s] DEBUG:colcon.colcon_parallel_executor.executor.parallel:run_until_complete
[1.070s] INFO:colcon.colcon_ros.task.ament_python.build:Building ROS package in '/var/home/bluefin/Developments/ROBOTIK/ros2_ws/src/yudha_pkg' with build type 'ament_python'
[1.071s] Level 1:colcon.colcon_core.shell:create_environment_hook('yudha_pkg', 'ament_prefix_path')
[1.077s] INFO:colcon.colcon_core.plugin_system:Skipping extension 'colcon_core.shell.bat': Not used on non-Windows systems
[1.078s] INFO:colcon.colcon_core.shell:Creating environment hook '/var/home/bluefin/Developments/ROBOTIK/ros2_ws/install/yudha_pkg/share/yudha_pkg/hook/ament_prefix_path.ps1'
[1.079s] INFO:colcon.colcon_core.shell:Creating environment descriptor '/var/home/bluefin/Developments/ROBOTIK/ros2_ws/install/yudha_pkg/share/yudha_pkg/hook/ament_prefix_path.dsv'
[1.081s] INFO:colcon.colcon_core.shell:Creating environment hook '/var/home/bluefin/Developments/ROBOTIK/ros2_ws/install/yudha_pkg/share/yudha_pkg/hook/ament_prefix_path.sh'
[1.082s] INFO:colcon.colcon_core.shell:Skip shell extension 'powershell' for command environment: Not usable outside of PowerShell
[1.083s] DEBUG:colcon.colcon_core.shell:Skip shell extension 'dsv' for command environment
[1.565s] INFO:colcon.colcon_core.task.python.build:Building Python package in '/var/home/bluefin/Developments/ROBOTIK/ros2_ws/src/yudha_pkg'
[1.566s] INFO:colcon.colcon_core.shell:Skip shell extension 'powershell' for command environment: Not usable outside of PowerShell
[1.566s] DEBUG:colcon.colcon_core.shell:Skip shell extension 'dsv' for command environment
[2.226s] DEBUG:colcon.colcon_core.event_handler.log_command:Invoking command in '/var/home/bluefin/Developments/ROBOTIK/ros2_ws/src/yudha_pkg': DEBUGINFOD_URLS=ima:enforcing https://debuginfod.fedoraproject.org/ ima:ignore GUESTFISH_PS1=\[\e[1;32m\]><fs>\[\e[0;31m\] PS1=📦[\u@Ubuntu \W]$ PYTHONPATH=/var/home/bluefin/Developments/ROBOTIK/ros2_ws/build/yudha_pkg/prefix_override:/usr/lib/python3/dist-packages/colcon_core/task/python/colcon_distutils_commands:/var/home/bluefin/Developments/ROBOTIK/ros2_ws/install/yudha_pkg/lib/python3.10/site-packages:${PYTHONPATH} /usr/bin/python3 -W ignore:setup.py install is deprecated -W ignore:easy_install command is deprecated setup.py egg_info --egg-base ../../build/yudha_pkg build --build-base /var/home/bluefin/Developments/ROBOTIK/ros2_ws/build/yudha_pkg/build install --record /var/home/bluefin/Developments/ROBOTIK/ros2_ws/build/yudha_pkg/install.log --single-version-externally-managed install_data
[2.777s] DEBUG:colcon.colcon_core.event_handler.log_command:Invoked command in '/var/home/bluefin/Developments/ROBOTIK/ros2_ws/src/yudha_pkg' returned '0': DEBUGINFOD_URLS=ima:enforcing https://debuginfod.fedoraproject.org/ ima:ignore GUESTFISH_PS1=\[\e[1;32m\]><fs>\[\e[0;31m\] PS1=📦[\u@Ubuntu \W]$ PYTHONPATH=/var/home/bluefin/Developments/ROBOTIK/ros2_ws/build/yudha_pkg/prefix_override:/usr/lib/python3/dist-packages/colcon_core/task/python/colcon_distutils_commands:/var/home/bluefin/Developments/ROBOTIK/ros2_ws/install/yudha_pkg/lib/python3.10/site-packages:${PYTHONPATH} /usr/bin/python3 -W ignore:setup.py install is deprecated -W ignore:easy_install command is deprecated setup.py egg_info --egg-base ../../build/yudha_pkg build --build-base /var/home/bluefin/Developments/ROBOTIK/ros2_ws/build/yudha_pkg/build install --record /var/home/bluefin/Developments/ROBOTIK/ros2_ws/build/yudha_pkg/install.log --single-version-externally-managed install_data
[2.791s] Level 1:colcon.colcon_core.environment:checking '/var/home/bluefin/Developments/ROBOTIK/ros2_ws/install/yudha_pkg' for CMake module files
[2.792s] Level 1:colcon.colcon_core.environment:checking '/var/home/bluefin/Developments/ROBOTIK/ros2_ws/install/yudha_pkg' for CMake config files
[2.793s] Level 1:colcon.colcon_core.environment:checking '/var/home/bluefin/Developments/ROBOTIK/ros2_ws/install/yudha_pkg/lib'
[2.793s] Level 1:colcon.colcon_core.environment:checking '/var/home/bluefin/Developments/ROBOTIK/ros2_ws/install/yudha_pkg/bin'
[2.793s] Level 1:colcon.colcon_core.environment:checking '/var/home/bluefin/Developments/ROBOTIK/ros2_ws/install/yudha_pkg/lib/pkgconfig/yudha_pkg.pc'
[2.794s] Level 1:colcon.colcon_core.environment:checking '/var/home/bluefin/Developments/ROBOTIK/ros2_ws/install/yudha_pkg/lib/python3.10/site-packages'
[2.794s] Level 1:colcon.colcon_core.shell:create_environment_hook('yudha_pkg', 'pythonpath')
[2.794s] INFO:colcon.colcon_core.shell:Creating environment hook '/var/home/bluefin/Developments/ROBOTIK/ros2_ws/install/yudha_pkg/share/yudha_pkg/hook/pythonpath.ps1'
[2.795s] INFO:colcon.colcon_core.shell:Creating environment descriptor '/var/home/bluefin/Developments/ROBOTIK/ros2_ws/install/yudha_pkg/share/yudha_pkg/hook/pythonpath.dsv'
[2.796s] INFO:colcon.colcon_core.shell:Creating environment hook '/var/home/bluefin/Developments/ROBOTIK/ros2_ws/install/yudha_pkg/share/yudha_pkg/hook/pythonpath.sh'
[2.797s] Level 1:colcon.colcon_core.environment:checking '/var/home/bluefin/Developments/ROBOTIK/ros2_ws/install/yudha_pkg/bin'
[2.798s] Level 1:colcon.colcon_core.environment:create_environment_scripts_only(yudha_pkg)
[2.798s] INFO:colcon.colcon_core.shell:Creating package script '/var/home/bluefin/Developments/ROBOTIK/ros2_ws/install/yudha_pkg/share/yudha_pkg/package.ps1'
[2.801s] INFO:colcon.colcon_core.shell:Creating package descriptor '/var/home/bluefin/Developments/ROBOTIK/ros2_ws/install/yudha_pkg/share/yudha_pkg/package.dsv'
[2.803s] INFO:colcon.colcon_core.shell:Creating package script '/var/home/bluefin/Developments/ROBOTIK/ros2_ws/install/yudha_pkg/share/yudha_pkg/package.sh'
[2.806s] INFO:colcon.colcon_core.shell:Creating package script '/var/home/bluefin/Developments/ROBOTIK/ros2_ws/install/yudha_pkg/share/yudha_pkg/package.bash'
[2.808s] INFO:colcon.colcon_core.shell:Creating package script '/var/home/bluefin/Developments/ROBOTIK/ros2_ws/install/yudha_pkg/share/yudha_pkg/package.zsh'
[2.809s] Level 1:colcon.colcon_core.environment:create_file_with_runtime_dependencies(/var/home/bluefin/Developments/ROBOTIK/ros2_ws/install/yudha_pkg/share/colcon-core/packages/yudha_pkg)
[2.810s] DEBUG:colcon.colcon_parallel_executor.executor.parallel:closing loop
[2.810s] DEBUG:colcon.colcon_parallel_executor.executor.parallel:loop closed
[2.811s] DEBUG:colcon.colcon_parallel_executor.executor.parallel:run_until_complete finished with '0'
[2.811s] DEBUG:colcon.colcon_core.event_reactor:joining thread
[2.832s] INFO:colcon.colcon_core.plugin_system:Skipping extension 'colcon_notification.desktop_notification.notify_send': Could not find 'notify-send'
[2.833s] INFO:colcon.colcon_core.plugin_system:Skipping extension 'colcon_notification.desktop_notification.terminal_notifier': Not used on non-Darwin systems
[2.833s] INFO:colcon.colcon_core.plugin_system:Skipping extension 'colcon_notification.desktop_notification.win32': Not used on non-Windows systems
[2.833s] INFO:colcon.colcon_notification.desktop_notification:Sending desktop notification using 'notify2'
[2.865s] DEBUG:colcon.colcon_core.event_reactor:joined thread
[2.866s] INFO:colcon.colcon_core.shell:Creating prefix script '/var/home/bluefin/Developments/ROBOTIK/ros2_ws/install/local_setup.ps1'
[2.870s] INFO:colcon.colcon_core.shell:Creating prefix util module '/var/home/bluefin/Developments/ROBOTIK/ros2_ws/install/_local_setup_util_ps1.py'
[2.875s] INFO:colcon.colcon_core.shell:Creating prefix chain script '/var/home/bluefin/Developments/ROBOTIK/ros2_ws/install/setup.ps1'
[2.878s] INFO:colcon.colcon_core.shell:Creating prefix script '/var/home/bluefin/Developments/ROBOTIK/ros2_ws/install/local_setup.sh'
[2.879s] INFO:colcon.colcon_core.shell:Creating prefix util module '/var/home/bluefin/Developments/ROBOTIK/ros2_ws/install/_local_setup_util_sh.py'
[2.881s] INFO:colcon.colcon_core.shell:Creating prefix chain script '/var/home/bluefin/Developments/ROBOTIK/ros2_ws/install/setup.sh'
[2.882s] INFO:colcon.colcon_core.shell:Creating prefix script '/var/home/bluefin/Developments/ROBOTIK/ros2_ws/install/local_setup.bash'
[2.884s] INFO:colcon.colcon_core.shell:Creating prefix chain script '/var/home/bluefin/Developments/ROBOTIK/ros2_ws/install/setup.bash'
[2.886s] INFO:colcon.colcon_core.shell:Creating prefix script '/var/home/bluefin/Developments/ROBOTIK/ros2_ws/install/local_setup.zsh'
[2.888s] INFO:colcon.colcon_core.shell:Creating prefix chain script '/var/home/bluefin/Developments/ROBOTIK/ros2_ws/install/setup.zsh'
