[1.155s] Invoking command in '/var/home/bluefin/Developments/ROBOTIK/ros2_ws/src/yudha_pkg': DEBUGINFOD_URLS=ima:enforcing https://debuginfod.fedoraproject.org/ ima:ignore GUESTFISH_PS1=\[\e[1;32m\]><fs>\[\e[0;31m\] PS1=📦[\u@Ubuntu \W]$ PYTHONPATH=/var/home/bluefin/Developments/ROBOTIK/ros2_ws/build/yudha_pkg/prefix_override:/usr/lib/python3/dist-packages/colcon_core/task/python/colcon_distutils_commands:/var/home/bluefin/Developments/ROBOTIK/ros2_ws/install/yudha_pkg/lib/python3.10/site-packages:${PYTHONPATH} /usr/bin/python3 -W ignore:setup.py install is deprecated -W ignore:easy_install command is deprecated setup.py egg_info --egg-base ../../build/yudha_pkg build --build-base /var/home/bluefin/Developments/ROBOTIK/ros2_ws/build/yudha_pkg/build install --record /var/home/bluefin/Developments/ROBOTIK/ros2_ws/build/yudha_pkg/install.log --single-version-externally-managed install_data
[1.597s] running egg_info
[1.598s] creating ../../build/yudha_pkg/yudha_pkg.egg-info
[1.599s] writing ../../build/yudha_pkg/yudha_pkg.egg-info/PKG-INFO
[1.599s] writing dependency_links to ../../build/yudha_pkg/yudha_pkg.egg-info/dependency_links.txt
[1.599s] writing entry points to ../../build/yudha_pkg/yudha_pkg.egg-info/entry_points.txt
[1.600s] writing requirements to ../../build/yudha_pkg/yudha_pkg.egg-info/requires.txt
[1.600s] writing top-level names to ../../build/yudha_pkg/yudha_pkg.egg-info/top_level.txt
[1.600s] writing manifest file '../../build/yudha_pkg/yudha_pkg.egg-info/SOURCES.txt'
[1.603s] reading manifest file '../../build/yudha_pkg/yudha_pkg.egg-info/SOURCES.txt'
[1.604s] writing manifest file '../../build/yudha_pkg/yudha_pkg.egg-info/SOURCES.txt'
[1.604s] running build
[1.605s] running build_py
[1.605s] creating /var/home/bluefin/Developments/ROBOTIK/ros2_ws/build/yudha_pkg/build
[1.605s] creating /var/home/bluefin/Developments/ROBOTIK/ros2_ws/build/yudha_pkg/build/lib
[1.606s] creating /var/home/bluefin/Developments/ROBOTIK/ros2_ws/build/yudha_pkg/build/lib/yudha_pkg
[1.606s] copying yudha_pkg/__init__.py -> /var/home/bluefin/Developments/ROBOTIK/ros2_ws/build/yudha_pkg/build/lib/yudha_pkg
[1.606s] copying yudha_pkg/package.py -> /var/home/bluefin/Developments/ROBOTIK/ros2_ws/build/yudha_pkg/build/lib/yudha_pkg
[1.606s] running install
[1.606s] running install_lib
[1.607s] creating /var/home/bluefin/Developments/ROBOTIK/ros2_ws/install/yudha_pkg/lib/python3.10/site-packages/yudha_pkg
[1.607s] copying /var/home/bluefin/Developments/ROBOTIK/ros2_ws/build/yudha_pkg/build/lib/yudha_pkg/__init__.py -> /var/home/bluefin/Developments/ROBOTIK/ros2_ws/install/yudha_pkg/lib/python3.10/site-packages/yudha_pkg
[1.607s] copying /var/home/bluefin/Developments/ROBOTIK/ros2_ws/build/yudha_pkg/build/lib/yudha_pkg/package.py -> /var/home/bluefin/Developments/ROBOTIK/ros2_ws/install/yudha_pkg/lib/python3.10/site-packages/yudha_pkg
[1.608s] byte-compiling /var/home/bluefin/Developments/ROBOTIK/ros2_ws/install/yudha_pkg/lib/python3.10/site-packages/yudha_pkg/__init__.py to __init__.cpython-310.pyc
[1.609s] byte-compiling /var/home/bluefin/Developments/ROBOTIK/ros2_ws/install/yudha_pkg/lib/python3.10/site-packages/yudha_pkg/package.py to package.cpython-310.pyc
[1.610s] running install_data
[1.610s] creating /var/home/bluefin/Developments/ROBOTIK/ros2_ws/install/yudha_pkg/share/ament_index
[1.610s] creating /var/home/bluefin/Developments/ROBOTIK/ros2_ws/install/yudha_pkg/share/ament_index/resource_index
[1.611s] creating /var/home/bluefin/Developments/ROBOTIK/ros2_ws/install/yudha_pkg/share/ament_index/resource_index/packages
[1.611s] copying resource/yudha_pkg -> /var/home/bluefin/Developments/ROBOTIK/ros2_ws/install/yudha_pkg/share/ament_index/resource_index/packages
[1.611s] copying package.xml -> /var/home/bluefin/Developments/ROBOTIK/ros2_ws/install/yudha_pkg/share/yudha_pkg
[1.611s] running install_egg_info
[1.614s] Copying ../../build/yudha_pkg/yudha_pkg.egg-info to /var/home/bluefin/Developments/ROBOTIK/ros2_ws/install/yudha_pkg/lib/python3.10/site-packages/yudha_pkg-0.0.0-py3.10.egg-info
[1.615s] running install_scripts
[1.658s] Installing publisher_yudha script to /var/home/bluefin/Developments/ROBOTIK/ros2_ws/install/yudha_pkg/lib/yudha_pkg
[1.659s] writing list of installed files to '/var/home/bluefin/Developments/ROBOTIK/ros2_ws/build/yudha_pkg/install.log'
[1.706s] Invoked command in '/var/home/bluefin/Developments/ROBOTIK/ros2_ws/src/yudha_pkg' returned '0': DEBUGINFOD_URLS=ima:enforcing https://debuginfod.fedoraproject.org/ ima:ignore GUESTFISH_PS1=\[\e[1;32m\]><fs>\[\e[0;31m\] PS1=📦[\u@Ubuntu \W]$ PYTHONPATH=/var/home/bluefin/Developments/ROBOTIK/ros2_ws/build/yudha_pkg/prefix_override:/usr/lib/python3/dist-packages/colcon_core/task/python/colcon_distutils_commands:/var/home/bluefin/Developments/ROBOTIK/ros2_ws/install/yudha_pkg/lib/python3.10/site-packages:${PYTHONPATH} /usr/bin/python3 -W ignore:setup.py install is deprecated -W ignore:easy_install command is deprecated setup.py egg_info --egg-base ../../build/yudha_pkg build --build-base /var/home/bluefin/Developments/ROBOTIK/ros2_ws/build/yudha_pkg/build install --record /var/home/bluefin/Developments/ROBOTIK/ros2_ws/build/yudha_pkg/install.log --single-version-externally-managed install_data
